\BOOKMARK [1][-]{section.1}{\376\377\136\217\212\326}{}% 1
\BOOKMARK [2][-]{subsection.1.1}{\376\377\170\024\172\166\200\314\146\157}{section.1}% 2
\BOOKMARK [2][-]{subsection.1.2}{\376\377\162\171\165\160\127\213\000E\000E\000J\170\024\172\166\060\156\163\376\162\266\060\150\212\262\230\114}{section.1}% 3
\BOOKMARK [2][-]{subsection.1.3}{\376\377\147\054\170\024\172\166\060\156\166\356\166\204}{section.1}% 4
\BOOKMARK [2][-]{subsection.1.4}{\376\377\147\054\212\326\145\207\060\156\151\313\142\020}{section.1}% 5
\BOOKMARK [1][-]{section.2}{\376\377\134\016\121\145}{}% 6
\BOOKMARK [2][-]{subsection.2.1}{\376\377\000M\000A\000G\000D\000A\000S\211\263\156\054\175\262\060\156\151\202\211\201}{section.2}% 7
\BOOKMARK [2][-]{subsection.2.2}{\376\377\000I\000N\000T\000E\000R\000M\000A\000G\000N\000E\000T\060\112\060\210\060\163\000T\000T\000B\060\307\060\374\060\277}{section.2}% 8
\BOOKMARK [2][-]{subsection.2.3}{\376\377\127\060\170\301\154\027\145\345\131\011\123\026\060\150\000S\000q\226\373\155\101}{section.2}% 9
\BOOKMARK [2][-]{subsection.2.4}{\376\377\215\144\220\123\060\270\060\247\060\303\060\310\226\373\155\101\000\050\000E\000E\000J\000\051}{section.2}% 10
\BOOKMARK [2][-]{subsection.2.5}{\376\377\170\301\154\027\215\144\220\123\127\337\060\153\060\112\060\121\060\213\157\156\154\120\122\271\147\234\060\156\225\242\117\302}{section.2}% 11
\BOOKMARK [1][-]{section.3}{\376\377\000E\000E\000-\000i\000n\000d\000e\000x}{}% 12
\BOOKMARK [2][-]{subsection.3.1}{\376\377\000E\000E\000-\000i\000n\000d\000e\000x\060\156\133\232\177\251}{section.3}% 13
\BOOKMARK [2][-]{subsection.3.2}{\376\377\000E\000E\000-\000i\000n\000d\000e\000x\173\227\121\372\060\153\165\050\060\104\060\213\060\307\060\374\060\277}{section.3}% 14
\BOOKMARK [2][-]{subsection.3.3}{\376\377\000E\000E\000-\000i\000n\000d\000e\000x\060\156\173\227\121\372\145\271\154\325}{section.3}% 15
\BOOKMARK [2][-]{subsection.3.4}{\376\377\000E\000E\000-\000i\000n\000d\000e\000x\174\276\136\246\124\021\116\012\145\271\154\325}{section.3}% 16
\BOOKMARK [1][-]{section.4}{\376\377\162\171\165\160\127\213\000E\000E\000J\060\150\201\352\122\325\122\044\133\232\060\156\142\113\154\325}{}% 17
\BOOKMARK [2][-]{subsection.4.1}{\376\377\162\171\165\160\127\213\000E\000E\000J\060\150\060\157}{section.4}% 18
\BOOKMARK [2][-]{subsection.4.2}{\376\377\147\052\166\172\220\124\127\213\060\373\172\201\166\172\127\213}{section.4}% 19
\BOOKMARK [2][-]{subsection.4.3}{\376\377\162\171\165\160\127\213\000E\000E\000J\060\156\201\352\122\325\122\044\133\232\060\156\142\113\154\325}{section.4}% 20
\BOOKMARK [1][-]{section.5}{\376\377\175\120\147\234\000:\000\040\162\171\165\160\127\213\000E\000E\000J\060\156\166\172\165\037\162\171\140\047}{}% 21
\BOOKMARK [2][-]{subsection.5.1}{\376\377\211\343\147\220\147\141\116\366\060\112\060\210\060\163\133\376\214\141\147\037\225\223}{section.5}% 22
\BOOKMARK [2][-]{subsection.5.2}{\376\377\123\127\174\163\230\030\127\337\377\010\060\332\060\353\060\374\060\373\060\326\060\351\060\270\060\353\377\011\060\156\211\343\147\220\175\120\147\234}{section.5}% 23
\BOOKMARK [2][-]{subsection.5.3}{\376\377\060\326\060\351\060\270\060\353\230\030\127\337\060\153\060\112\060\121\060\213\211\343\147\220\175\120\147\234}{section.5}% 24
\BOOKMARK [1][-]{section.6}{\376\377\200\003\133\337}{}% 25
\BOOKMARK [2][-]{subsection.6.1}{\376\377\123\127\174\163\230\030\127\337\060\153\060\112\060\121\060\213\162\171\165\160\127\213\000E\000E\000J\166\172\165\037\211\201\126\340}{section.6}% 26
\BOOKMARK [2][-]{subsection.6.2}{\376\377\133\143\173\300\117\235\133\130\140\047\060\150\060\156\225\242\220\043\140\047}{section.6}% 27
\BOOKMARK [2][-]{subsection.6.3}{\376\377\157\156\154\120\122\271\147\234\060\150\060\156\225\242\220\043\140\047}{section.6}% 28
\BOOKMARK [1][-]{section.7}{\376\377\133\207\133\231\131\051\154\027\060\307\060\374\060\277\060\331\060\374\060\271\060\267\060\271\060\306\060\340\060\170\060\156\137\334\165\050}{}% 29
\BOOKMARK [2][-]{subsection.7.1}{\376\377\060\267\060\271\060\306\060\340\225\213\166\172\060\156\166\356\166\204}{section.7}% 30
\BOOKMARK [2][-]{subsection.7.2}{\376\377\060\267\060\271\060\306\060\340\121\150\117\123\151\313\142\020}{section.7}% 31
\BOOKMARK [2][-]{subsection.7.3}{\376\377\225\213\166\172\142\113\154\325}{section.7}% 32
\BOOKMARK [2][-]{subsection.7.4}{\376\377\164\260\130\203\151\313\173\311\060\373\060\311\060\255\060\345\060\341\060\363\060\310}{section.7}% 33
\BOOKMARK [2][-]{subsection.7.5}{\376\377\116\312\137\214\060\156\212\262\230\114}{section.7}% 34
\BOOKMARK [1][-]{section.8}{\376\377\175\317\142\354}{}% 35
